<?xml version="1.0" encoding="UTF-8"?>
<!-- Generated by org.testng.reporters.JUnitXMLReporter -->
<testsuite ignored="0" hostname="LAPTOP-V7M1F0GS" failures="0" tests="13" name="Surefire test" time="31.922" errors="0" timestamp="2023-11-08T07:04:02 IST">
  <testcase classname="api.test.DDTest" name="testPostUser" time="4.352"/>
  <testcase classname="api.test.DDTest" name="testPostUser" time="1.587"/>
  <testcase classname="api.test.DDTest" name="testPostUser" time="1.892"/>
  <testcase classname="api.test.DDTest" name="testGetUser" time="1.719"/>
  <testcase classname="api.test.DDTest" name="testGetUser" time="1.706"/>
  <testcase classname="api.test.DDTest" name="testGetUser" time="1.589"/>
  <testcase classname="api.test.DDTest" name="testDeleteUser" time="1.712"/>
  <testcase classname="api.test.DDTest" name="testDeleteUser" time="1.754"/>
  <testcase classname="api.test.DDTest" name="testDeleteUser" time="1.506"/>
  <testcase classname="api.test.UserTest" name="testPostUser" time="4.231"/>
  <testcase classname="api.test.UserTest" name="testGetUserByName" time="1.68"/>
  <testcase classname="api.test.UserTest" name="testUpdateByName" time="3.424"/>
  <testcase classname="api.test.UserTest" name="testDeleteUserByName" time="1.569"/>
</testsuite> <!-- Surefire test -->
