<?xml version="1.0" encoding="UTF-8"?>
<!-- Generated by org.testng.reporters.JUnitXMLReporter -->
<testsuite ignored="0" hostname="LAPTOP-V7M1F0GS" failures="0" tests="13" name="Surefire test" time="51.971" errors="0" timestamp="2024-01-17T18:33:12 IST">
  <testcase classname="api.test.DDTest" name="testPostUser" time="5.449"/>
  <testcase classname="api.test.DDTest" name="testPostUser" time="3.547"/>
  <testcase classname="api.test.DDTest" name="testPostUser" time="3.067"/>
  <testcase classname="api.test.DDTest" name="testGetUser" time="4.087"/>
  <testcase classname="api.test.DDTest" name="testGetUser" time="3.223"/>
  <testcase classname="api.test.DDTest" name="testGetUser" time="4.826"/>
  <testcase classname="api.test.DDTest" name="testDeleteUser" time="2.915"/>
  <testcase classname="api.test.DDTest" name="testDeleteUser" time="3.068"/>
  <testcase classname="api.test.DDTest" name="testDeleteUser" time="3.784"/>
  <testcase classname="api.test.UserTest" name="testPostUser" time="4.652"/>
  <testcase classname="api.test.UserTest" name="testGetUserByName" time="2.281"/>
  <testcase classname="api.test.UserTest" name="testUpdateByName" time="4.332"/>
  <testcase classname="api.test.UserTest" name="testDeleteUserByName" time="3.602"/>
</testsuite> <!-- Surefire test -->
