<?xml version="1.0" encoding="UTF-8"?>
<!-- Generated by org.testng.reporters.JUnitXMLReporter -->
<testsuite ignored="0" hostname="LAPTOP-V7M1F0GS" failures="0" tests="9" name="Default test" time="24.528" errors="0" timestamp="2023-11-03T06:51:47 IST">
  <testcase classname="api.test.DDTest" name="testPostUser" time="5.181"/>
  <testcase classname="api.test.DDTest" name="testPostUser" time="1.601"/>
  <testcase classname="api.test.DDTest" name="testPostUser" time="1.675"/>
  <testcase classname="api.test.DDTest" name="testGetUser" time="2.061"/>
  <testcase classname="api.test.DDTest" name="testGetUser" time="2.238"/>
  <testcase classname="api.test.DDTest" name="testGetUser" time="2.264"/>
  <testcase classname="api.test.DDTest" name="testDeleteUser" time="2.816"/>
  <testcase classname="api.test.DDTest" name="testDeleteUser" time="1.654"/>
  <testcase classname="api.test.DDTest" name="testDeleteUser" time="2.362"/>
</testsuite> <!-- Default test -->
