<?xml version="1.0" encoding="UTF-8"?>
<!-- Generated by org.testng.reporters.JUnitXMLReporter -->
<testsuite ignored="0" hostname="LAPTOP-V7M1F0GS" failures="0" tests="4" name="Default test" time="11.631" errors="0" timestamp="2023-11-21T10:12:46 IST">
  <testcase classname="api.test.UserTest" name="testPostUser" time="4.295"/>
  <testcase classname="api.test.UserTest" name="testGetUserByName" time="1.583"/>
  <testcase classname="api.test.UserTest" name="testUpdateByName" time="2.977"/>
  <testcase classname="api.test.UserTest" name="testDeleteUserByName" time="1.421"/>
</testsuite> <!-- Default test -->
