<?xml version="1.0" encoding="UTF-8"?>
<!-- Generated by org.testng.reporters.JUnitXMLReporter -->
<testsuite ignored="0" hostname="LAPTOP-V7M1F0GS" failures="0" tests="4" name="Test" time="16.487" errors="0" timestamp="2025-01-25T14:40:21 IST">
  <testcase classname="api.test.UserTest" name="testPostUser" time="5.295"/>
  <testcase classname="api.test.UserTest" name="testGetUserByName" time="1.734"/>
  <testcase classname="api.test.UserTest" name="testUpdateByName" time="3.879"/>
  <testcase classname="api.test.UserTest" name="testDeleteUserByName" time="3.619"/>
</testsuite> <!-- Test -->
