<?xml version="1.0" encoding="UTF-8"?>
<!-- Generated by org.testng.reporters.JUnitXMLReporter -->
<testsuite ignored="0" hostname="LAPTOP-V7M1F0GS" failures="0" tests="4" name="Test" time="26.194" errors="0" timestamp="2023-11-05T07:39:08 IST">
  <testcase classname="api.test.UserTest" name="testPostUser" time="5.495"/>
  <testcase classname="api.test.UserTest" name="testGetUserByName" time="3.167"/>
  <testcase classname="api.test.UserTest" name="testUpdateByName" time="12.602"/>
  <testcase classname="api.test.UserTest" name="testDeleteUserByName" time="3.112"/>
</testsuite> <!-- Test -->
