<?xml version="1.0" encoding="UTF-8"?>
<testng-results ignored="0" total="13" passed="13" failed="0" skipped="0">
  <reporter-output>
  </reporter-output>
  <suite started-at="2023-11-08T07:03:30 IST" name="Surefire suite" finished-at="2023-11-08T07:04:02 IST" duration-ms="31922">
    <groups>
    </groups>
    <test started-at="2023-11-08T07:03:30 IST" name="Surefire test" finished-at="2023-11-08T07:04:02 IST" duration-ms="31922">
      <class name="api.test.UserTest">
        <test-method is-config="true" signature="setup()[pri:0, instance:api.test.UserTest@d29f28]" started-at="2023-11-08T07:03:50 IST" name="setup" finished-at="2023-11-08T07:03:51 IST" duration-ms="307" status="PASS">
          <reporter-output>
          </reporter-output>
        </test-method> <!-- setup -->
        <test-method signature="testPostUser()[pri:1, instance:api.test.UserTest@d29f28]" started-at="2023-11-08T07:03:51 IST" name="testPostUser" finished-at="2023-11-08T07:03:55 IST" duration-ms="4231" status="PASS">
          <reporter-output>
          </reporter-output>
        </test-method> <!-- testPostUser -->
        <test-method signature="testGetUserByName()[pri:2, instance:api.test.UserTest@d29f28]" started-at="2023-11-08T07:03:55 IST" name="testGetUserByName" finished-at="2023-11-08T07:03:57 IST" duration-ms="1680" status="PASS">
          <reporter-output>
          </reporter-output>
        </test-method> <!-- testGetUserByName -->
        <test-method signature="testUpdateByName()[pri:3, instance:api.test.UserTest@d29f28]" started-at="2023-11-08T07:03:57 IST" name="testUpdateByName" finished-at="2023-11-08T07:04:00 IST" duration-ms="3424" status="PASS">
          <reporter-output>
          </reporter-output>
        </test-method> <!-- testUpdateByName -->
        <test-method signature="testDeleteUserByName()[pri:4, instance:api.test.UserTest@d29f28]" started-at="2023-11-08T07:04:00 IST" name="testDeleteUserByName" finished-at="2023-11-08T07:04:02 IST" duration-ms="1569" status="PASS">
          <reporter-output>
          </reporter-output>
        </test-method> <!-- testDeleteUserByName -->
      </class> <!-- api.test.UserTest -->
      <class name="api.test.DDTest">
        <test-method signature="testPostUser(java.lang.String,java.lang.String,java.lang.String,java.lang.String,java.lang.String,java.lang.String,java.lang.String)[pri:1, instance:api.test.DDTest@10959ece]" started-at="2023-11-08T07:03:32 IST" name="testPostUser" data-provider="Data" finished-at="2023-11-08T07:03:37 IST" duration-ms="4352" status="PASS">
          <params>
            <param index="0">
              <value>
                <![CDATA[1010]]>
              </value>
            </param>
            <param index="1">
              <value>
                <![CDATA[ajeetuser1]]>
              </value>
            </param>
            <param index="2">
              <value>
                <![CDATA[Ajeet]]>
              </value>
            </param>
            <param index="3">
              <value>
                <![CDATA[Yadav]]>
              </value>
            </param>
            <param index="4">
              <value>
                <![CDATA[a@gamil.com]]>
              </value>
            </param>
            <param index="5">
              <value>
                <![CDATA[test@1]]>
              </value>
            </param>
            <param index="6">
              <value>
                <![CDATA[1234566776]]>
              </value>
            </param>
          </params>
          <reporter-output>
          </reporter-output>
        </test-method> <!-- testPostUser -->
        <test-method signature="testPostUser(java.lang.String,java.lang.String,java.lang.String,java.lang.String,java.lang.String,java.lang.String,java.lang.String)[pri:1, instance:api.test.DDTest@10959ece]" started-at="2023-11-08T07:03:37 IST" name="testPostUser" data-provider="Data" finished-at="2023-11-08T07:03:38 IST" duration-ms="1587" status="PASS">
          <params>
            <param index="0">
              <value>
                <![CDATA[1020]]>
              </value>
            </param>
            <param index="1">
              <value>
                <![CDATA[ajeetuser2]]>
              </value>
            </param>
            <param index="2">
              <value>
                <![CDATA[Akii]]>
              </value>
            </param>
            <param index="3">
              <value>
                <![CDATA[Singh]]>
              </value>
            </param>
            <param index="4">
              <value>
                <![CDATA[b@gmail.com]]>
              </value>
            </param>
            <param index="5">
              <value>
                <![CDATA[teat@2]]>
              </value>
            </param>
            <param index="6">
              <value>
                <![CDATA[765565443]]>
              </value>
            </param>
          </params>
          <reporter-output>
          </reporter-output>
        </test-method> <!-- testPostUser -->
        <test-method signature="testPostUser(java.lang.String,java.lang.String,java.lang.String,java.lang.String,java.lang.String,java.lang.String,java.lang.String)[pri:1, instance:api.test.DDTest@10959ece]" started-at="2023-11-08T07:03:38 IST" name="testPostUser" data-provider="Data" finished-at="2023-11-08T07:03:40 IST" duration-ms="1892" status="PASS">
          <params>
            <param index="0">
              <value>
                <![CDATA[1030]]>
              </value>
            </param>
            <param index="1">
              <value>
                <![CDATA[ajeetuser3]]>
              </value>
            </param>
            <param index="2">
              <value>
                <![CDATA[Ram]]>
              </value>
            </param>
            <param index="3">
              <value>
                <![CDATA[Mishra]]>
              </value>
            </param>
            <param index="4">
              <value>
                <![CDATA[c@gmail.com]]>
              </value>
            </param>
            <param index="5">
              <value>
                <![CDATA[test@3]]>
              </value>
            </param>
            <param index="6">
              <value>
                <![CDATA[67654555]]>
              </value>
            </param>
          </params>
          <reporter-output>
          </reporter-output>
        </test-method> <!-- testPostUser -->
        <test-method signature="testGetUser(java.lang.String)[pri:2, instance:api.test.DDTest@10959ece]" started-at="2023-11-08T07:03:40 IST" name="testGetUser" data-provider="UserNames" finished-at="2023-11-08T07:03:42 IST" duration-ms="1719" status="PASS">
          <params>
            <param index="0">
              <value>
                <![CDATA[ajeetuser1]]>
              </value>
            </param>
          </params>
          <reporter-output>
          </reporter-output>
        </test-method> <!-- testGetUser -->
        <test-method signature="testGetUser(java.lang.String)[pri:2, instance:api.test.DDTest@10959ece]" started-at="2023-11-08T07:03:42 IST" name="testGetUser" data-provider="UserNames" finished-at="2023-11-08T07:03:44 IST" duration-ms="1706" status="PASS">
          <params>
            <param index="0">
              <value>
                <![CDATA[ajeetuser2]]>
              </value>
            </param>
          </params>
          <reporter-output>
          </reporter-output>
        </test-method> <!-- testGetUser -->
        <test-method signature="testGetUser(java.lang.String)[pri:2, instance:api.test.DDTest@10959ece]" started-at="2023-11-08T07:03:44 IST" name="testGetUser" data-provider="UserNames" finished-at="2023-11-08T07:03:45 IST" duration-ms="1589" status="PASS">
          <params>
            <param index="0">
              <value>
                <![CDATA[ajeetuser3]]>
              </value>
            </param>
          </params>
          <reporter-output>
          </reporter-output>
        </test-method> <!-- testGetUser -->
        <test-method signature="testDeleteUser(java.lang.String)[pri:3, instance:api.test.DDTest@10959ece]" started-at="2023-11-08T07:03:45 IST" name="testDeleteUser" data-provider="UserNames" finished-at="2023-11-08T07:03:47 IST" duration-ms="1712" status="PASS">
          <params>
            <param index="0">
              <value>
                <![CDATA[ajeetuser1]]>
              </value>
            </param>
          </params>
          <reporter-output>
          </reporter-output>
        </test-method> <!-- testDeleteUser -->
        <test-method signature="testDeleteUser(java.lang.String)[pri:3, instance:api.test.DDTest@10959ece]" started-at="2023-11-08T07:03:47 IST" name="testDeleteUser" data-provider="UserNames" finished-at="2023-11-08T07:03:49 IST" duration-ms="1754" status="PASS">
          <params>
            <param index="0">
              <value>
                <![CDATA[ajeetuser2]]>
              </value>
            </param>
          </params>
          <reporter-output>
          </reporter-output>
        </test-method> <!-- testDeleteUser -->
        <test-method signature="testDeleteUser(java.lang.String)[pri:3, instance:api.test.DDTest@10959ece]" started-at="2023-11-08T07:03:49 IST" name="testDeleteUser" data-provider="UserNames" finished-at="2023-11-08T07:03:50 IST" duration-ms="1506" status="PASS">
          <params>
            <param index="0">
              <value>
                <![CDATA[ajeetuser3]]>
              </value>
            </param>
          </params>
          <reporter-output>
          </reporter-output>
        </test-method> <!-- testDeleteUser -->
      </class> <!-- api.test.DDTest -->
    </test> <!-- Surefire test -->
  </suite> <!-- Surefire suite -->
</testng-results>
