<?xml version="1.0" encoding="UTF-8"?>
<testng-results ignored="0" total="4" passed="4" failed="0" skipped="0">
  <reporter-output>
  </reporter-output>
  <suite started-at="2025-01-26T12:58:07 IST" name="Suite" finished-at="2025-01-26T12:58:32 IST" duration-ms="25529">
    <groups>
    </groups>
    <test started-at="2025-01-26T12:58:07 IST" name="Test" finished-at="2025-01-26T12:58:32 IST" duration-ms="25529">
      <class name="api.test.UserTest">
        <test-method is-config="true" signature="setup()[pri:0, instance:api.test.UserTest@52e6fdee]" started-at="2025-01-26T12:58:07 IST" name="setup" finished-at="2025-01-26T12:58:08 IST" duration-ms="1005" status="PASS">
          <reporter-output>
          </reporter-output>
        </test-method> <!-- setup -->
        <test-method signature="testPostUser()[pri:1, instance:api.test.UserTest@52e6fdee]" started-at="2025-01-26T12:58:08 IST" name="testPostUser" finished-at="2025-01-26T12:58:15 IST" duration-ms="7090" status="PASS">
          <reporter-output>
          </reporter-output>
        </test-method> <!-- testPostUser -->
        <test-method signature="testGetUserByName()[pri:2, instance:api.test.UserTest@52e6fdee]" started-at="2025-01-26T12:58:15 IST" name="testGetUserByName" finished-at="2025-01-26T12:58:19 IST" duration-ms="3956" status="PASS">
          <reporter-output>
          </reporter-output>
        </test-method> <!-- testGetUserByName -->
        <test-method signature="testUpdateByName()[pri:3, instance:api.test.UserTest@52e6fdee]" started-at="2025-01-26T12:58:19 IST" name="testUpdateByName" finished-at="2025-01-26T12:58:29 IST" duration-ms="9730" status="PASS">
          <reporter-output>
          </reporter-output>
        </test-method> <!-- testUpdateByName -->
        <test-method signature="testDeleteUserByName()[pri:4, instance:api.test.UserTest@52e6fdee]" started-at="2025-01-26T12:58:29 IST" name="testDeleteUserByName" finished-at="2025-01-26T12:58:32 IST" duration-ms="3373" status="PASS">
          <reporter-output>
          </reporter-output>
        </test-method> <!-- testDeleteUserByName -->
      </class> <!-- api.test.UserTest -->
    </test> <!-- Test -->
  </suite> <!-- Suite -->
</testng-results>
