<?xml version="1.0" encoding="UTF-8"?>
<testsuite xmlns:xsi="http://www.w3.org/2001/XMLSchema-instance" xsi:noNamespaceSchemaLocation="https://maven.apache.org/surefire/maven-surefire-plugin/xsd/surefire-test-report-3.0.xsd" version="3.0" name="TestSuite" time="141.726" tests="13" errors="0" skipped="0" failures="0">
  <properties>
[...]
</properties>
  <testcase name="testPostUser" classname="api.test.UserTest" time="3.995">
    <system-out><![CDATA[HTTP/1.1 200 OK
Date: Sat, 25 Jan 2025 04:07:51 GMT
Content-Type: application/json
Transfer-Encoding: chunked
Connection: keep-alive
Access-Control-Allow-Origin: *
Access-Control-Allow-Methods: GET, POST, DELETE, PUT
Access-Control-Allow-Headers: Content-Type, api_key, Authorization
Server: Jetty(9.2.9.v20150224)

{
    "code": 200,
    "type": "unknown",
    "message": "1345401730"
}
]]></system-out>
    <system-err><![CDATA[SLF4J: Failed to load class "org.slf4j.impl.StaticLoggerBinder".
SLF4J: Defaulting to no-operation (NOP) logger implementation
SLF4J: See http://www.slf4j.org/codes.html#StaticLoggerBinder for further details.
]]></system-err>
  </testcase>
  <testcase name="testGetUserByName" classname="api.test.UserTest" time="6.733">
    <system-out><![CDATA[HTTP/1.1 200 OK
Date: Sat, 25 Jan 2025 04:07:56 GMT
Content-Type: application/json
Transfer-Encoding: chunked
Connection: keep-alive
Access-Control-Allow-Origin: *
Access-Control-Allow-Methods: GET, POST, DELETE, PUT
Access-Control-Allow-Headers: Content-Type, api_key, Authorization
Server: Jetty(9.2.9.v20150224)

{
    "id": 1345401730,
    "username": "diane.rodriguez",
    "firstName": "Cristal",
    "lastName": "McDermott",
    "email": "digna.oconnell@example.com",
    "password": "ouocwrwqy",
    "phone": "1-911-061-4935",
    "userStatus": 0
}
]]></system-out>
  </testcase>
  <testcase name="testUpdateByName" classname="api.test.UserTest" time="8.804">
    <system-out><![CDATA[{
    "code": 200,
    "type": "unknown",
    "message": "1345401730"
}
HTTP/1.1 200 OK
Date: Sat, 25 Jan 2025 04:08:05 GMT
Content-Type: application/json
Transfer-Encoding: chunked
Connection: keep-alive
Access-Control-Allow-Origin: *
Access-Control-Allow-Methods: GET, POST, DELETE, PUT
Access-Control-Allow-Headers: Content-Type, api_key, Authorization
Server: Jetty(9.2.9.v20150224)

{
    "id": 1345401730,
    "username": "diane.rodriguez",
    "firstName": "Hilary",
    "lastName": "Bruen",
    "email": "candy.bogan@example.com",
    "password": "ouocwrwqy",
    "phone": "1-911-061-4935",
    "userStatus": 0
}
]]></system-out>
  </testcase>
  <testcase name="testDeleteUserByName" classname="api.test.UserTest" time="11.264"/>
  <testcase name="testPostUser[1010, ajeetuser1, Ajeet, Yadav, a@gamil.com, test@1, 1234566776](1)" classname="api.test.DDTest" time="6.406"/>
  <testcase name="testPostUser[1020, ajeetuser2, Akii, Singh, b@gmail.com, teat@2, 765565443](2)" classname="api.test.DDTest" time="2.614"/>
  <testcase name="testPostUser[1030, ajeetuser3, Ram, Mishra, c@gmail.com, test@3, 67654555](3)" classname="api.test.DDTest" time="1.579"/>
  <testcase name="testGetUser[ajeetuser1](1)" classname="api.test.DDTest" time="2.609"/>
  <testcase name="testGetUser[ajeetuser2](2)" classname="api.test.DDTest" time="2.096"/>
  <testcase name="testGetUser[ajeetuser3](3)" classname="api.test.DDTest" time="3.295"/>
  <testcase name="testDeleteUser[ajeetuser1](1)" classname="api.test.DDTest" time="82.221">
    <system-err><![CDATA[Jan 25, 2025 9:40:00 AM org.apache.http.impl.client.DefaultHttpClient tryConnect
INFO: I/O exception (java.net.SocketException) caught when connecting to {s}->https://petstore.swagger.io:443: A connection attempt failed because the connected party did not properly respond after a period of time, or established connection failed because connected host has failed to respond
Jan 25, 2025 9:40:00 AM org.apache.http.impl.client.DefaultHttpClient tryConnect
INFO: Retrying connect to {s}->https://petstore.swagger.io:443
]]></system-err>
  </testcase>
  <testcase name="testDeleteUser[ajeetuser2](2)" classname="api.test.DDTest" time="2.394"/>
  <testcase name="testDeleteUser[ajeetuser3](3)" classname="api.test.DDTest" time="2.859"/>
</testsuite>