<?xml version="1.0" encoding="UTF-8"?>
<testng-results ignored="0" total="4" passed="4" failed="0" skipped="0">
  <reporter-output>
  </reporter-output>
  <suite started-at="2025-01-25T14:40:04 IST" name="Suite" finished-at="2025-01-25T14:40:20 IST" duration-ms="16487">
    <groups>
    </groups>
    <test started-at="2025-01-25T14:40:04 IST" name="Test" finished-at="2025-01-25T14:40:20 IST" duration-ms="16487">
      <class name="api.test.UserTest">
        <test-method is-config="true" signature="setup()[pri:0, instance:api.test.UserTest@5fe94a96]" started-at="2025-01-25T14:40:04 IST" name="setup" finished-at="2025-01-25T14:40:05 IST" duration-ms="1369" status="PASS">
          <reporter-output>
          </reporter-output>
        </test-method> <!-- setup -->
        <test-method signature="testPostUser()[pri:1, instance:api.test.UserTest@5fe94a96]" started-at="2025-01-25T14:40:05 IST" name="testPostUser" finished-at="2025-01-25T14:40:11 IST" duration-ms="5295" status="PASS">
          <reporter-output>
          </reporter-output>
        </test-method> <!-- testPostUser -->
        <test-method signature="testGetUserByName()[pri:2, instance:api.test.UserTest@5fe94a96]" started-at="2025-01-25T14:40:11 IST" name="testGetUserByName" finished-at="2025-01-25T14:40:13 IST" duration-ms="1734" status="PASS">
          <reporter-output>
          </reporter-output>
        </test-method> <!-- testGetUserByName -->
        <test-method signature="testUpdateByName()[pri:3, instance:api.test.UserTest@5fe94a96]" started-at="2025-01-25T14:40:13 IST" name="testUpdateByName" finished-at="2025-01-25T14:40:16 IST" duration-ms="3879" status="PASS">
          <reporter-output>
          </reporter-output>
        </test-method> <!-- testUpdateByName -->
        <test-method signature="testDeleteUserByName()[pri:4, instance:api.test.UserTest@5fe94a96]" started-at="2025-01-25T14:40:16 IST" name="testDeleteUserByName" finished-at="2025-01-25T14:40:20 IST" duration-ms="3619" status="PASS">
          <reporter-output>
          </reporter-output>
        </test-method> <!-- testDeleteUserByName -->
      </class> <!-- api.test.UserTest -->
    </test> <!-- Test -->
  </suite> <!-- Suite -->
</testng-results>
