<?xml version="1.0" encoding="UTF-8"?>
<testng-results ignored="0" total="13" passed="13" failed="0" skipped="0">
  <reporter-output>
  </reporter-output>
  <suite started-at="2025-01-25T09:33:15 IST" name="Suite" finished-at="2025-01-25T09:34:32 IST" duration-ms="77026">
    <groups>
    </groups>
    <test started-at="2025-01-25T09:33:15 IST" name="Test" finished-at="2025-01-25T09:34:32 IST" duration-ms="77026">
      <class name="api.test.UserTest">
        <test-method is-config="true" signature="setup()[pri:0, instance:api.test.UserTest@74235045]" started-at="2025-01-25T09:33:16 IST" name="setup" finished-at="2025-01-25T09:33:17 IST" duration-ms="1474" status="PASS">
          <reporter-output>
          </reporter-output>
        </test-method> <!-- setup -->
        <test-method signature="testPostUser()[pri:1, instance:api.test.UserTest@74235045]" started-at="2025-01-25T09:33:17 IST" name="testPostUser" finished-at="2025-01-25T09:33:23 IST" duration-ms="5524" status="PASS">
          <reporter-output>
          </reporter-output>
        </test-method> <!-- testPostUser -->
        <test-method signature="testGetUserByName()[pri:2, instance:api.test.UserTest@74235045]" started-at="2025-01-25T09:33:23 IST" name="testGetUserByName" finished-at="2025-01-25T09:33:25 IST" duration-ms="2177" status="PASS">
          <reporter-output>
          </reporter-output>
        </test-method> <!-- testGetUserByName -->
        <test-method signature="testUpdateByName()[pri:3, instance:api.test.UserTest@74235045]" started-at="2025-01-25T09:33:25 IST" name="testUpdateByName" finished-at="2025-01-25T09:33:36 IST" duration-ms="11679" status="PASS">
          <reporter-output>
          </reporter-output>
        </test-method> <!-- testUpdateByName -->
        <test-method signature="testDeleteUserByName()[pri:4, instance:api.test.UserTest@74235045]" started-at="2025-01-25T09:33:36 IST" name="testDeleteUserByName" finished-at="2025-01-25T09:33:43 IST" duration-ms="6485" status="PASS">
          <reporter-output>
          </reporter-output>
        </test-method> <!-- testDeleteUserByName -->
      </class> <!-- api.test.UserTest -->
      <class name="api.test.DDTest">
        <test-method signature="testPostUser(java.lang.String,java.lang.String,java.lang.String,java.lang.String,java.lang.String,java.lang.String,java.lang.String)[pri:1, instance:api.test.DDTest@2b71e916]" started-at="2025-01-25T09:33:45 IST" name="testPostUser" data-provider="Data" finished-at="2025-01-25T09:33:47 IST" duration-ms="1571" status="PASS">
          <params>
            <param index="0">
              <value>
                <![CDATA[1010]]>
              </value>
            </param>
            <param index="1">
              <value>
                <![CDATA[ajeetuser1]]>
              </value>
            </param>
            <param index="2">
              <value>
                <![CDATA[Ajeet]]>
              </value>
            </param>
            <param index="3">
              <value>
                <![CDATA[Yadav]]>
              </value>
            </param>
            <param index="4">
              <value>
                <![CDATA[a@gamil.com]]>
              </value>
            </param>
            <param index="5">
              <value>
                <![CDATA[test@1]]>
              </value>
            </param>
            <param index="6">
              <value>
                <![CDATA[1234566776]]>
              </value>
            </param>
          </params>
          <reporter-output>
          </reporter-output>
        </test-method> <!-- testPostUser -->
        <test-method signature="testPostUser(java.lang.String,java.lang.String,java.lang.String,java.lang.String,java.lang.String,java.lang.String,java.lang.String)[pri:1, instance:api.test.DDTest@2b71e916]" started-at="2025-01-25T09:33:47 IST" name="testPostUser" data-provider="Data" finished-at="2025-01-25T09:33:49 IST" duration-ms="2310" status="PASS">
          <params>
            <param index="0">
              <value>
                <![CDATA[1020]]>
              </value>
            </param>
            <param index="1">
              <value>
                <![CDATA[ajeetuser2]]>
              </value>
            </param>
            <param index="2">
              <value>
                <![CDATA[Akii]]>
              </value>
            </param>
            <param index="3">
              <value>
                <![CDATA[Singh]]>
              </value>
            </param>
            <param index="4">
              <value>
                <![CDATA[b@gmail.com]]>
              </value>
            </param>
            <param index="5">
              <value>
                <![CDATA[teat@2]]>
              </value>
            </param>
            <param index="6">
              <value>
                <![CDATA[765565443]]>
              </value>
            </param>
          </params>
          <reporter-output>
          </reporter-output>
        </test-method> <!-- testPostUser -->
        <test-method signature="testPostUser(java.lang.String,java.lang.String,java.lang.String,java.lang.String,java.lang.String,java.lang.String,java.lang.String)[pri:1, instance:api.test.DDTest@2b71e916]" started-at="2025-01-25T09:33:49 IST" name="testPostUser" data-provider="Data" finished-at="2025-01-25T09:33:52 IST" duration-ms="3021" status="PASS">
          <params>
            <param index="0">
              <value>
                <![CDATA[1030]]>
              </value>
            </param>
            <param index="1">
              <value>
                <![CDATA[ajeetuser3]]>
              </value>
            </param>
            <param index="2">
              <value>
                <![CDATA[Ram]]>
              </value>
            </param>
            <param index="3">
              <value>
                <![CDATA[Mishra]]>
              </value>
            </param>
            <param index="4">
              <value>
                <![CDATA[c@gmail.com]]>
              </value>
            </param>
            <param index="5">
              <value>
                <![CDATA[test@3]]>
              </value>
            </param>
            <param index="6">
              <value>
                <![CDATA[67654555]]>
              </value>
            </param>
          </params>
          <reporter-output>
          </reporter-output>
        </test-method> <!-- testPostUser -->
        <test-method signature="testGetUser(java.lang.String)[pri:2, instance:api.test.DDTest@2b71e916]" started-at="2025-01-25T09:33:52 IST" name="testGetUser" data-provider="UserNames" finished-at="2025-01-25T09:33:58 IST" duration-ms="5464" status="PASS">
          <params>
            <param index="0">
              <value>
                <![CDATA[ajeetuser1]]>
              </value>
            </param>
          </params>
          <reporter-output>
          </reporter-output>
        </test-method> <!-- testGetUser -->
        <test-method signature="testGetUser(java.lang.String)[pri:2, instance:api.test.DDTest@2b71e916]" started-at="2025-01-25T09:33:58 IST" name="testGetUser" data-provider="UserNames" finished-at="2025-01-25T09:34:01 IST" duration-ms="3806" status="PASS">
          <params>
            <param index="0">
              <value>
                <![CDATA[ajeetuser2]]>
              </value>
            </param>
          </params>
          <reporter-output>
          </reporter-output>
        </test-method> <!-- testGetUser -->
        <test-method signature="testGetUser(java.lang.String)[pri:2, instance:api.test.DDTest@2b71e916]" started-at="2025-01-25T09:34:01 IST" name="testGetUser" data-provider="UserNames" finished-at="2025-01-25T09:34:05 IST" duration-ms="3473" status="PASS">
          <params>
            <param index="0">
              <value>
                <![CDATA[ajeetuser3]]>
              </value>
            </param>
          </params>
          <reporter-output>
          </reporter-output>
        </test-method> <!-- testGetUser -->
        <test-method signature="testDeleteUser(java.lang.String)[pri:3, instance:api.test.DDTest@2b71e916]" started-at="2025-01-25T09:34:05 IST" name="testDeleteUser" data-provider="UserNames" finished-at="2025-01-25T09:34:20 IST" duration-ms="14823" status="PASS">
          <params>
            <param index="0">
              <value>
                <![CDATA[ajeetuser1]]>
              </value>
            </param>
          </params>
          <reporter-output>
          </reporter-output>
        </test-method> <!-- testDeleteUser -->
        <test-method signature="testDeleteUser(java.lang.String)[pri:3, instance:api.test.DDTest@2b71e916]" started-at="2025-01-25T09:34:20 IST" name="testDeleteUser" data-provider="UserNames" finished-at="2025-01-25T09:34:27 IST" duration-ms="7218" status="PASS">
          <params>
            <param index="0">
              <value>
                <![CDATA[ajeetuser2]]>
              </value>
            </param>
          </params>
          <reporter-output>
          </reporter-output>
        </test-method> <!-- testDeleteUser -->
        <test-method signature="testDeleteUser(java.lang.String)[pri:3, instance:api.test.DDTest@2b71e916]" started-at="2025-01-25T09:34:27 IST" name="testDeleteUser" data-provider="UserNames" finished-at="2025-01-25T09:34:32 IST" duration-ms="5111" status="PASS">
          <params>
            <param index="0">
              <value>
                <![CDATA[ajeetuser3]]>
              </value>
            </param>
          </params>
          <reporter-output>
          </reporter-output>
        </test-method> <!-- testDeleteUser -->
      </class> <!-- api.test.DDTest -->
    </test> <!-- Test -->
  </suite> <!-- Suite -->
</testng-results>
